timestamp: 2013-08-15T16:02:28.546727
CREATE TABLE audios(
    id INT AUTO_INCREMENT NOT NULL,
    nome VARCHAR(255) NOT NULL UNIQUE,
    audio VARCHAR(255),
    PRIMARY KEY(id)
) ENGINE=InnoDB CHARACTER SET utf8;
success!
timestamp: 2013-08-15T16:02:28.654151
CREATE TABLE uras(
    id INT AUTO_INCREMENT NOT NULL,
    nome VARCHAR(255) NOT NULL UNIQUE,
    id_audio INT, INDEX id_audio__idx (id_audio), FOREIGN KEY (id_audio) REFERENCES audios (id) ON DELETE CASCADE,
    timeout VARCHAR(255),
    loop_ura VARCHAR(255),
    digitos VARCHAR(255),
    PRIMARY KEY(id)
) ENGINE=InnoDB CHARACTER SET utf8;
success!
timestamp: 2013-08-15T16:02:28.761761
CREATE TABLE acoes(
    id INT AUTO_INCREMENT NOT NULL,
    nome VARCHAR(255),
    acao VARCHAR(255),
    PRIMARY KEY(id)
) ENGINE=InnoDB CHARACTER SET utf8;
success!
timestamp: 2013-08-15T16:02:28.854128
CREATE TABLE ura_acoes(
    id INT AUTO_INCREMENT NOT NULL,
    id_ura INT, INDEX id_ura__idx (id_ura), FOREIGN KEY (id_ura) REFERENCES uras (id) ON DELETE CASCADE,
    dtmf VARCHAR(255),
    id_acao INT, INDEX id_acao__idx (id_acao), FOREIGN KEY (id_acao) REFERENCES acoes (id) ON DELETE CASCADE,
    variavel VARCHAR(255),
    PRIMARY KEY(id)
) ENGINE=InnoDB CHARACTER SET utf8;
success!
